
> neurotoxic-game@0.0.0 test
> node --test --import tsx --experimental-test-module-mocks

TAP version 13
# Subtest: Action Creators
    # Subtest: createChangeSceneAction
        # Subtest: should create correct action
        ok 1 - should create correct action
          ---
          duration_ms: 0.991657
          type: 'test'
          ...
        1..1
    ok 1 - createChangeSceneAction
      ---
      duration_ms: 1.847556
      type: 'suite'
      ...
    # Subtest: createUpdatePlayerAction
        # Subtest: should create correct action
        ok 1 - should create correct action
          ---
          duration_ms: 0.669424
          type: 'test'
          ...
        1..1
    ok 2 - createUpdatePlayerAction
      ---
      duration_ms: 0.823756
      type: 'suite'
      ...
    # Subtest: createUpdateBandAction
        # Subtest: should create correct action
        ok 1 - should create correct action
          ---
          duration_ms: 0.274041
          type: 'test'
          ...
        1..1
    ok 3 - createUpdateBandAction
      ---
      duration_ms: 0.538591
      type: 'suite'
      ...
    # Subtest: createUpdateSocialAction
        # Subtest: should create correct action
        ok 1 - should create correct action
          ---
          duration_ms: 0.286044
          type: 'test'
          ...
        1..1
    ok 4 - createUpdateSocialAction
      ---
      duration_ms: 0.415461
      type: 'suite'
      ...
    # Subtest: createUpdateSettingsAction
        # Subtest: should create correct action
        ok 1 - should create correct action
          ---
          duration_ms: 0.358067
          type: 'test'
          ...
        1..1
    ok 5 - createUpdateSettingsAction
      ---
      duration_ms: 0.578017
      type: 'suite'
      ...
    # Subtest: createSetMapAction
        # Subtest: should create correct action
        ok 1 - should create correct action
          ---
          duration_ms: 0.249023
          type: 'test'
          ...
        1..1
    ok 6 - createSetMapAction
      ---
      duration_ms: 0.386637
      type: 'suite'
      ...
    # Subtest: createSetGigAction
        # Subtest: should create correct action
        ok 1 - should create correct action
          ---
          duration_ms: 0.215581
          type: 'test'
          ...
        1..1
    ok 7 - createSetGigAction
      ---
      duration_ms: 0.336214
      type: 'suite'
      ...
    # Subtest: createStartGigAction
        # Subtest: should create correct action
        ok 1 - should create correct action
          ---
          duration_ms: 0.187344
          type: 'test'
          ...
        1..1
    ok 8 - createStartGigAction
      ---
      duration_ms: 0.280872
      type: 'suite'
      ...
    # Subtest: createSetSetlistAction
        # Subtest: should create correct action
        ok 1 - should create correct action
          ---
          duration_ms: 0.300804
          type: 'test'
          ...
        1..1
    ok 9 - createSetSetlistAction
      ---
      duration_ms: 0.626295
      type: 'suite'
      ...
    # Subtest: createSetLastGigStatsAction
        # Subtest: should create correct action
        ok 1 - should create correct action
          ---
          duration_ms: 0.316503
          type: 'test'
          ...
        1..1
    ok 10 - createSetLastGigStatsAction
      ---
      duration_ms: 0.444034
      type: 'suite'
      ...
    # Subtest: createSetActiveEventAction
        # Subtest: should create correct action with event
        ok 1 - should create correct action with event
          ---
          duration_ms: 0.224287
          type: 'test'
          ...
        # Subtest: should create correct action with null
        ok 2 - should create correct action with null
          ---
          duration_ms: 0.154162
          type: 'test'
          ...
        1..2
    ok 11 - createSetActiveEventAction
      ---
      duration_ms: 0.508838
      type: 'suite'
      ...
    # Subtest: createAddToastAction
        # Subtest: should create correct action with default type
        ok 1 - should create correct action with default type
          ---
          duration_ms: 0.388311
          type: 'test'
          ...
        # Subtest: should create correct action with custom type
        ok 2 - should create correct action with custom type
          ---
          duration_ms: 0.138588
          type: 'test'
          ...
        1..2
    ok 12 - createAddToastAction
      ---
      duration_ms: 0.798105
      type: 'suite'
      ...
    # Subtest: createRemoveToastAction
        # Subtest: should create correct action
        ok 1 - should create correct action
          ---
          duration_ms: 0.17857
          type: 'test'
          ...
        1..1
    ok 13 - createRemoveToastAction
      ---
      duration_ms: 0.268192
      type: 'suite'
      ...
    # Subtest: createSetGigModifiersAction
        # Subtest: should create correct action with object
        ok 1 - should create correct action with object
          ---
          duration_ms: 0.260417
          type: 'test'
          ...
        # Subtest: should create correct action with function
        ok 2 - should create correct action with function
          ---
          duration_ms: 0.132869
          type: 'test'
          ...
        1..2
    ok 14 - createSetGigModifiersAction
      ---
      duration_ms: 0.529708
      type: 'suite'
      ...
    # Subtest: createLoadGameAction
        # Subtest: should create correct action
        ok 1 - should create correct action
          ---
          duration_ms: 0.180409
          type: 'test'
          ...
        1..1
    ok 15 - createLoadGameAction
      ---
      duration_ms: 0.264603
      type: 'suite'
      ...
    # Subtest: createResetStateAction
        # Subtest: should create correct action
        ok 1 - should create correct action
          ---
          duration_ms: 0.189072
          type: 'test'
          ...
        1..1
    ok 16 - createResetStateAction
      ---
      duration_ms: 1.816264
      type: 'suite'
      ...
    # Subtest: createApplyEventDeltaAction
        # Subtest: should create correct action
        ok 1 - should create correct action
          ---
          duration_ms: 0.160674
          type: 'test'
          ...
        1..1
    ok 17 - createApplyEventDeltaAction
      ---
      duration_ms: 0.235879
      type: 'suite'
      ...
    # Subtest: createPopPendingEventAction
        # Subtest: should create correct action
        ok 1 - should create correct action
          ---
          duration_ms: 0.195326
          type: 'test'
          ...
        1..1
    ok 18 - createPopPendingEventAction
      ---
      duration_ms: 0.268908
      type: 'suite'
      ...
    # Subtest: createConsumeItemAction
        # Subtest: should create correct action
        ok 1 - should create correct action
          ---
          duration_ms: 0.186042
          type: 'test'
          ...
        1..1
    ok 19 - createConsumeItemAction
      ---
      duration_ms: 0.325065
      type: 'suite'
      ...
    # Subtest: createAdvanceDayAction
        # Subtest: should create correct action
        ok 1 - should create correct action
          ---
          duration_ms: 0.147161
          type: 'test'
          ...
        1..1
    ok 20 - createAdvanceDayAction
      ---
      duration_ms: 0.226241
      type: 'suite'
      ...
    1..20
ok 1 - Action Creators
  ---
  duration_ms: 13.725399
  type: 'suite'
  ...
# Subtest: getPreferredAudioContextState prefers raw context state
ok 2 - getPreferredAudioContextState prefers raw context state
  ---
  duration_ms: 1.093725
  type: 'test'
  ...
# Subtest: getPreferredAudioContextState falls back to tone context state
ok 3 - getPreferredAudioContextState falls back to tone context state
  ---
  duration_ms: 0.194202
  type: 'test'
  ...
# Subtest: getPreferredAudioContextState returns unknown when no state exists
ok 4 - getPreferredAudioContextState returns unknown when no state exists
  ---
  duration_ms: 0.154941
  type: 'test'
  ...
# Subtest: canResumeAudioContextState only allows resumable states
ok 5 - canResumeAudioContextState only allows resumable states
  ---
  duration_ms: 0.196182
  type: 'test'
  ...
# Subtest: isClosedAudioContextState only matches closed state
ok 6 - isClosedAudioContextState only matches closed state
  ---
  duration_ms: 0.222987
  type: 'test'
  ...
# Subtest: calculateGigTimeMs
ok 7 - calculateGigTimeMs # SKIP Skipping audio engine tests due to environment limitations: (intermediate value).glob is not a function
  ---
  duration_ms: 1.395544
  type: 'test'
  ...
# Subtest: hasAudioAsset
ok 8 - hasAudioAsset # SKIP Skipping audio engine tests due to environment limitations: (intermediate value).glob is not a function
  ---
  duration_ms: 0.362566
  type: 'test'
  ...
# Subtest: calculateGigPlaybackWindow
ok 9 - calculateGigPlaybackWindow # SKIP Skipping audio engine tests due to environment limitations: (intermediate value).glob is not a function
  ---
  duration_ms: 0.338988
  type: 'test'
  ...
# (node:27966) ExperimentalWarning: Module mocking is an experimental feature and might change at any time
# (Use `node --trace-warnings ...` to show where the warning was created)
# Subtest: AudioManager Tests
    # Subtest: initializes with default values
    ok 1 - initializes with default values
      ---
      duration_ms: 0.858179
      type: 'test'
      ...
    # Subtest: setMusicVolume updates volume and calls engine
    ok 2 - setMusicVolume updates volume and calls engine
      ---
      duration_ms: 0.308985
      type: 'test'
      ...
    # Subtest: toggleMute updates mute state
    ok 3 - toggleMute updates mute state
      ---
      duration_ms: 0.262335
      type: 'test'
      ...
    # Subtest: startAmbient calls playRandomAmbientOgg
    ok 4 - startAmbient calls playRandomAmbientOgg
      ---
      duration_ms: 0.379786
      type: 'test'
      ...
    1..4
ok 10 - AudioManager Tests
  ---
  duration_ms: 26.912106
  type: 'test'
  ...
# [audioEngine] Asset basename conflict for "song.ogg". Keeping "/assets/audio/song.ogg" and ignoring "/assets/sfx/song.ogg".
# Subtest: normalizeMidiPlaybackOptions
    # Subtest: uses defaults when options are undefined
    ok 1 - uses defaults when options are undefined
      ---
      duration_ms: 1.927657
      type: 'test'
      ...
    # Subtest: respects explicit clean playback flag
    ok 2 - respects explicit clean playback flag
      ---
      duration_ms: 0.317709
      type: 'test'
      ...
    # Subtest: accepts a valid onEnded callback
    ok 3 - accepts a valid onEnded callback
      ---
      duration_ms: 0.188521
      type: 'test'
      ...
    # Subtest: normalizes stopAfterSeconds
    ok 4 - normalizes stopAfterSeconds
      ---
      duration_ms: 0.345794
      type: 'test'
      ...
    # Subtest: accepts a startTimeSec override
    ok 5 - accepts a startTimeSec override
      ---
      duration_ms: 0.232004
      type: 'test'
      ...
    1..5
ok 11 - normalizeMidiPlaybackOptions
  ---
  duration_ms: 4.906741
  type: 'test'
  ...
# Subtest: encodePublicAssetPath
    # Subtest: encodes spaces and preserves slashes
    ok 1 - encodes spaces and preserves slashes
      ---
      duration_ms: 0.553318
      type: 'test'
      ...
    # Subtest: handles leading slashes
    ok 2 - handles leading slashes
      ---
      duration_ms: 0.368512
      type: 'test'
      ...
    # Subtest: returns empty string for invalid input
    ok 3 - returns empty string for invalid input
      ---
      duration_ms: 0.302002
      type: 'test'
      ...
    # Subtest: encodes special characters safely
    ok 4 - encodes special characters safely
      ---
      duration_ms: 4.251974
      type: 'test'
      ...
    1..4
ok 12 - encodePublicAssetPath
  ---
  duration_ms: 6.451624
  type: 'test'
  ...
# Subtest: resolveAssetUrl for MIDI files
    # Subtest: prefers bundled URLs
    ok 1 - prefers bundled URLs
      ---
      duration_ms: 0.377583
      type: 'test'
      ...
    # Subtest: resolves bundled URLs via basename
    ok 2 - resolves bundled URLs via basename
      ---
      duration_ms: 0.184216
      type: 'test'
      ...
    # Subtest: falls back to public path when missing
    ok 3 - falls back to public path when missing
      ---
      duration_ms: 0.240322
      type: 'test'
      ...
    # Subtest: normalizes relative filenames and encodes spaces
    ok 4 - normalizes relative filenames and encodes spaces
      ---
      duration_ms: 0.165044
      type: 'test'
      ...
    # Subtest: supports custom public base path
    ok 5 - supports custom public base path
      ---
      duration_ms: 0.12547
      type: 'test'
      ...
    # Subtest: supports relative base path defaults
    ok 6 - supports relative base path defaults
      ---
      duration_ms: 0.130128
      type: 'test'
      ...
    # Subtest: returns nulls for empty filename
    ok 7 - returns nulls for empty filename
      ---
      duration_ms: 0.104452
      type: 'test'
      ...
    1..7
ok 13 - resolveAssetUrl for MIDI files
  ---
  duration_ms: 2.040862
  type: 'test'
  ...
# Subtest: resolveAssetUrl
    # Subtest: resolves bundled URLs for non-MIDI assets
    ok 1 - resolves bundled URLs for non-MIDI assets
      ---
      duration_ms: 0.140635
      type: 'test'
      ...
    # Subtest: resolves via basename for nested paths
    ok 2 - resolves via basename for nested paths
      ---
      duration_ms: 0.117531
      type: 'test'
      ...
    # Subtest: falls back to public path for missing assets
    ok 3 - falls back to public path for missing assets
      ---
      duration_ms: 0.136155
      type: 'test'
      ...
    1..3
ok 14 - resolveAssetUrl
  ---
  duration_ms: 0.684964
  type: 'test'
  ...
# Subtest: buildAssetUrlMap
    # Subtest: stores relative paths and basenames
    ok 1 - stores relative paths and basenames
      ---
      duration_ms: 0.403559
      type: 'test'
      ...
    # Subtest: warns on basename conflicts and keeps first entry
    ok 2 - warns on basename conflicts and keeps first entry
      ---
      duration_ms: 3.582079
      type: 'test'
      ...
    1..2
ok 15 - buildAssetUrlMap
  ---
  duration_ms: 4.33749
  type: 'test'
  ...
# Subtest: buildAssetUrlMap OGG key filtering
    # Subtest: full paths and basenames are both stored for OGG assets
    ok 1 - full paths and basenames are both stored for OGG assets
      ---
      duration_ms: 0.24416
      type: 'test'
      ...
    # Subtest: full paths with subdirectories are distinguishable from basenames
    ok 2 - full paths with subdirectories are distinguishable from basenames
      ---
      duration_ms: 2.18129
      type: 'test'
      ...
    # Subtest: path-containing keys can be filtered from basename-only keys
    ok 3 - path-containing keys can be filtered from basename-only keys
      ---
      duration_ms: 0.463592
      type: 'test'
      ...
    # Subtest: root-level assets have no slash in key
    ok 4 - root-level assets have no slash in key
      ---
      duration_ms: 0.198957
      type: 'test'
      ...
    1..4
ok 16 - buildAssetUrlMap OGG key filtering
  ---
  duration_ms: 3.643093
  type: 'test'
  ...
# Subtest: buildMidiUrlMap
    # Subtest: stores relative paths and basenames
    ok 1 - stores relative paths and basenames
      ---
      duration_ms: 0.423575
      type: 'test'
      ...
    # Subtest: warns on basename conflicts and keeps first entry
    ok 2 - warns on basename conflicts and keeps first entry
      ---
      duration_ms: 0.288173
      type: 'test'
      ...
    1..2
ok 17 - buildMidiUrlMap
  ---
  duration_ms: 1.106666
  type: 'test'
  ...
# Subtest: selectRandomItem
    # Subtest: returns null for invalid or empty inputs
    ok 1 - returns null for invalid or empty inputs
      ---
      duration_ms: 1.018933
      type: 'test'
      ...
    # Subtest: returns a stable item with deterministic rng
    ok 2 - returns a stable item with deterministic rng
      ---
      duration_ms: 0.210052
      type: 'test'
      ...
    # Subtest: clamps rng values to valid indices
    ok 3 - clamps rng values to valid indices
      ---
      duration_ms: 0.214583
      type: 'test'
      ...
    1..3
ok 18 - selectRandomItem
  ---
  duration_ms: 2.917827
  type: 'test'
  ...
# Subtest: getScheduledHitTimeMs
    # Subtest: schedules within lead window
    ok 1 - schedules within lead window
      ---
      duration_ms: 0.866066
      type: 'test'
      ...
    # Subtest: fires immediately when outside lead window
    ok 2 - fires immediately when outside lead window
      ---
      duration_ms: 0.213817
      type: 'test'
      ...
    # Subtest: handles clock offsets between gig and audio time
    ok 3 - handles clock offsets between gig and audio time
      ---
      duration_ms: 0.175068
      type: 'test'
      ...
    1..3
ok 19 - getScheduledHitTimeMs
  ---
  duration_ms: 2.670772
  type: 'test'
  ...
# Subtest: CHARACTERS data integrity
ok 20 - CHARACTERS data integrity
  ---
  duration_ms: 2.442066
  type: 'test'
  ...
# Subtest: SONGS_DB data integrity
ok 21 - SONGS_DB data integrity
  ---
  duration_ms: 0.333857
  type: 'test'
  ...
# Subtest: SONGS_DB sourceOgg field
ok 22 - SONGS_DB sourceOgg field
  ---
  duration_ms: 0.551701
  type: 'test'
  ...
# Subtest: UPGRADES_DB data integrity
ok 23 - UPGRADES_DB data integrity
  ---
  duration_ms: 0.303212
  type: 'test'
  ...
# Subtest: ALL_VENUES data integrity
ok 24 - ALL_VENUES data integrity
  ---
  duration_ms: 0.24525
  type: 'test'
  ...
# Subtest: EVENTS_DB integrity
ok 25 - EVENTS_DB integrity
  ---
  duration_ms: 1.2907
  type: 'test'
  ...
# [Economy] Calculating Gig Financials { gig: undefined, score: 80, fame: 100 }
# [Economy] Gig Report Generated { net: 2329, income: 2962, expenses: 633 }
# [Economy] Calculating Gig Financials { gig: undefined, score: 80, fame: 10 }
# [Economy] Gig Report Generated { net: 1052, income: 1247, expenses: 195 }
# [Economy] Calculating Gig Financials { gig: undefined, score: 80, fame: 1000 }
# [Economy] Gig Report Generated { net: 2010, income: 2575, expenses: 565 }
# [Economy] Calculating Gig Financials { gig: undefined, score: 80, fame: 50 }
# [Economy] Gig Report Generated { net: 1758, income: 2192, expenses: 434 }
# [Economy] Calculating Gig Financials { gig: undefined, score: 80, fame: 50 }
# [Economy] Gig Report Generated { net: 2245, income: 2889, expenses: 644 }
# [Economy] Calculating Gig Financials { gig: undefined, score: 80, fame: 50 }
# [Economy] Gig Report Generated { net: 1314, income: 1569, expenses: 255 }
# [Economy] Calculating Gig Financials { gig: undefined, score: 40, fame: 100 }
# [Economy] Gig Report Generated { net: 2274, income: 2937, expenses: 663 }
# [Economy] Calculating Gig Financials { gig: undefined, score: 95, fame: 100 }
# [Economy] Gig Report Generated { net: 2649, income: 3562, expenses: 913 }
# [Economy] Calculating Gig Financials { gig: undefined, score: 95, fame: 100 }
# [Economy] Gig Report Generated { net: 2649, income: 3562, expenses: 913 }
# [Economy] Calculating Gig Financials { gig: undefined, score: 80, fame: 100 }
# [Economy] Gig Report Generated { net: 2364, income: 3087, expenses: 723 }
# [Economy] Calculating Gig Financials { gig: undefined, score: 80, fame: 100 }
# [Economy] Gig Report Generated { net: 1879, income: 2412, expenses: 533 }
# [Economy] Calculating Gig Financials { gig: undefined, score: 90, fame: 200 }
# [Economy] Gig Report Generated { net: 2693, income: 3267, expenses: 574 }
# [Economy] Calculating Gig Financials { gig: undefined, score: 100, fame: 200 }
# [Economy] Gig Report Generated { net: 2826, income: 3813, expenses: 987 }
# [Economy] Calculating Gig Financials { gig: undefined, score: 80, fame: 100 }
# [Economy] Gig Report Generated { net: 2308, income: 2962, expenses: 654 }
# [Economy] Calculating Gig Financials { gig: undefined, score: 80, fame: 100 }
# [Economy] Gig Report Generated { net: 2329, income: 2962, expenses: 633 }
# [Economy] Calculating Gig Financials { gig: undefined, score: 80, fame: 100 }
# [Economy] Gig Report Generated { net: 2309, income: 2962, expenses: 653 }
# [Economy] Calculating Gig Financials { gig: undefined, score: 80, fame: 100 }
# [Economy] Gig Report Generated { net: 2364, income: 3087, expenses: 723 }
# [Economy] Calculating Gig Financials { gig: undefined, score: 80, fame: 100 }
# [Economy] Gig Report Generated { net: 655, income: 700, expenses: 45 }
# [Economy] Calculating Gig Financials { gig: undefined, score: 0, fame: 100 }
# [Economy] Gig Report Generated { net: 2164, income: 2687, expenses: 523 }
# [Economy] Calculating Gig Financials { gig: undefined, score: 100, fame: 100 }
# [Economy] Gig Report Generated { net: 2629, income: 3462, expenses: 833 }
# [Economy] Calculating Gig Financials { gig: undefined, score: 80, fame: 100 }
# [Economy] Gig Report Generated { net: 2329, income: 2962, expenses: 633 }
# [Economy] Calculating Gig Financials { gig: undefined, score: 80, fame: 100 }
# [Economy] Gig Report Generated { net: 2364, income: 3087, expenses: 723 }
# [Economy] Calculating Gig Financials { gig: undefined, score: 75, fame: 150 }
# [Economy] Gig Report Generated { net: 2395, income: 3050, expenses: 655 }
# [Economy] Calculating Gig Financials { gig: undefined, score: 85, fame: 5000 }
# [Economy] Gig Report Generated { net: 19475, income: 25150, expenses: 5675 }
# Subtest: calculateGigFinancials handles base case with ticket sales and guarantee
ok 26 - calculateGigFinancials handles base case with ticket sales and guarantee
  ---
  duration_ms: 3.619193
  type: 'test'
  ...
# Subtest: calculateGigFinancials applies fame scaling to fill rate
ok 27 - calculateGigFinancials applies fame scaling to fill rate
  ---
  duration_ms: 1.04659
  type: 'test'
  ...
# Subtest: calculateGigFinancials applies promo boost to fill rate
ok 28 - calculateGigFinancials applies promo boost to fill rate
  ---
  duration_ms: 1.384857
  type: 'test'
  ...
# Subtest: calculateGigFinancials applies price sensitivity penalty
ok 29 - calculateGigFinancials applies price sensitivity penalty
  ---
  duration_ms: 1.971229
  type: 'test'
  ...
# Subtest: calculateGigFinancials scales merch sales with performance
ok 30 - calculateGigFinancials scales merch sales with performance
  ---
  duration_ms: 0.744195
  type: 'test'
  ...
# Subtest: calculateGigFinancials applies S-rank merch bonus
ok 31 - calculateGigFinancials applies S-rank merch bonus
  ---
  duration_ms: 1.098815
  type: 'test'
  ...
# Subtest: calculateGigFinancials penalizes merch sales for misses
ok 32 - calculateGigFinancials penalizes merch sales for misses
  ---
  duration_ms: 1.235346
  type: 'test'
  ...
# Subtest: calculateGigFinancials handles sold out merch gracefully
ok 33 - calculateGigFinancials handles sold out merch gracefully
  ---
  duration_ms: 0.845381
  type: 'test'
  ...
# Subtest: calculateGigFinancials uses all inventory types for sales limit
ok 34 - calculateGigFinancials uses all inventory types for sales limit
  ---
  duration_ms: 0.847281
  type: 'test'
  ...
# Subtest: calculateGigFinancials includes transport costs based on distance
ok 35 - calculateGigFinancials includes transport costs based on distance
  ---
  duration_ms: 1.225168
  type: 'test'
  ...
# Subtest: calculateGigFinancials includes catering when enabled
ok 36 - calculateGigFinancials includes catering when enabled
  ---
  duration_ms: 1.108437
  type: 'test'
  ...
# Subtest: calculateGigFinancials supports new merch key
ok 37 - calculateGigFinancials supports new merch key
  ---
  duration_ms: 0.522808
  type: 'test'
  ...
# Subtest: calculateGigFinancials handles zero capacity venue
ok 38 - calculateGigFinancials handles zero capacity venue
  ---
  duration_ms: 0.480648
  type: 'test'
  ...
# Subtest: calculateGigFinancials handles extreme performance scores
ok 39 - calculateGigFinancials handles extreme performance scores
  ---
  duration_ms: 0.618078
  type: 'test'
  ...
# Subtest: calculateGigFinancials merch table modifier increases sales
ok 40 - calculateGigFinancials merch table modifier increases sales
  ---
  duration_ms: 0.817385
  type: 'test'
  ...
# Subtest: EXPENSE_CONSTANTS are properly defined
ok 41 - EXPENSE_CONSTANTS are properly defined
  ---
  duration_ms: 0.326216
  type: 'test'
  ...
# Subtest: calculateGigFinancials net profit matches income minus expenses
ok 42 - calculateGigFinancials net profit matches income minus expenses
  ---
  duration_ms: 0.516348
  type: 'test'
  ...
# Subtest: calculateGigFinancials handles high fame with high price
ok 43 - calculateGigFinancials handles high fame with high price
  ---
  duration_ms: 0.649619
  type: 'test'
  ...
# Subtest: calculateTravelExpenses returns correct cost structure
ok 44 - calculateTravelExpenses returns correct cost structure
  ---
  duration_ms: 0.390499
  type: 'test'
  ...
# [ErrorHandler] Test error {
#   name: 'StateError',
#   message: 'Test error',
#   category: 'state',
#   severity: 'high',
#   context: {},
#   recoverable: true,
#   timestamp: 1771129461451,
#   stack: 'StateError: Test error\\n' +
#     '    at TestContext.<anonymous> (file:///app/tests/errorHandler.test.js:76:19)\\n' +
#     '    at Test.runInAsyncScope (node:async_hooks:214:14)\\n' +
#     '    at Test.run (node:internal/test_runner/test:1047:25)\\n' +
#     '    at Test.start (node:internal/test_runner/test:944:17)\\n' +
#     '    at node:internal/test_runner/test:1440:71\\n' +
#     '    at node:internal/per_context/primordials:464:82\\n' +
#     '    at new Promise (<anonymous>)\\n' +
#     '    at new SafePromise (node:internal/per_context/primordials:433:3)\\n' +
#     '    at node:internal/per_context/primordials:464:9\\n' +
#     '    at Array.map (<anonymous>)'
# }
# [ErrorHandler] Test error {
#   name: 'StateError',
#   message: 'Test error',
#   category: 'state',
#   severity: 'high',
#   context: {},
#   recoverable: true,
#   timestamp: 1771129461454,
#   stack: 'StateError: Test error\\n' +
#     '    at TestContext.<anonymous> (file:///app/tests/errorHandler.test.js:90:19)\\n' +
#     '    at Test.runInAsyncScope (node:async_hooks:214:14)\\n' +
#     '    at Test.run (node:internal/test_runner/test:1047:25)\\n' +
#     '    at Suite.processPendingSubtests (node:internal/test_runner/test:744:18)\\n' +
#     '    at Test.postRun (node:internal/test_runner/test:1173:19)\\n' +
#     '    at Test.run (node:internal/test_runner/test:1101:12)\\n' +
#     '    at async Promise.all (index 0)\\n' +
#     '    at async Suite.run (node:internal/test_runner/test:1442:7)\\n' +
#     '    at async Test.processPendingSubtests (node:internal/test_runner/test:744:7)'
# }
# [ErrorHandler] Fallback {
#   name: 'Error',
#   message: 'Fallback',
#   category: 'unknown',
#   severity: 'medium',
#   context: {},
#   recoverable: true,
#   timestamp: 1771129461455,
#   stack: 'Error\\n' +
#     '    at TestContext.<anonymous> (file:///app/tests/errorHandler.test.js:97:19)\\n' +
#     '    at Test.runInAsyncScope (node:async_hooks:214:14)\\n' +
#     '    at Test.run (node:internal/test_runner/test:1047:25)\\n' +
#     '    at Suite.processPendingSubtests (node:internal/test_runner/test:744:18)\\n' +
#     '    at Test.postRun (node:internal/test_runner/test:1173:19)\\n' +
#     '    at Test.run (node:internal/test_runner/test:1101:12)\\n' +
#     '    at async Suite.processPendingSubtests (node:internal/test_runner/test:744:7)'
# }
# [ErrorHandler] Audio asset not found for "01 Kranker Schrank": looked up "01 Kranker Schrank.ogg" {
#   name: 'AudioError',
#   message: 'Audio asset not found for "01 Kranker Schrank": looked up "01 Kranker Schrank.ogg"',
#   category: 'audio',
#   severity: 'medium',
#   context: {
#     songName: '01 Kranker Schrank',
#     oggFilename: '01 Kranker Schrank.ogg'
#   },
#   recoverable: true,
#   timestamp: 1771129461456,
#   stack: 'AudioError: Audio asset not found for "01 Kranker Schrank": looked up "01 Kranker Schrank.ogg"\\n' +
#     '    at TestContext.<anonymous> (file:///app/tests/errorHandler.test.js:112:19)\\n' +
#     '    at Test.runInAsyncScope (node:async_hooks:214:14)\\n' +
#     '    at Test.run (node:internal/test_runner/test:1047:25)\\n' +
#     '    at Suite.processPendingSubtests (node:internal/test_runner/test:744:18)\\n' +
#     '    at Test.postRun (node:internal/test_runner/test:1173:19)\\n' +
#     '    at Test.run (node:internal/test_runner/test:1101:12)\\n' +
#     '    at async Suite.processPendingSubtests (node:internal/test_runner/test:744:7)'
# }
# [ErrorHandler] Storage operation failed: test {
#   name: 'StorageError',
#   message: 'Storage operation failed: test',
#   category: 'storage',
#   severity: 'medium',
#   context: { originalError: 'Storage error' },
#   recoverable: true,
#   timestamp: 1771129461459,
#   stack: 'StorageError: Storage operation failed: test\\n' +
#     '    at safeStorageOperation (file:///app/src/utils/errorHandler.js:219:7)\\n' +
#     '    at TestContext.<anonymous> (file:///app/tests/errorHandler.test.js:135:20)\\n' +
#     '    at Test.runInAsyncScope (node:async_hooks:214:14)\\n' +
#     '    at Test.run (node:internal/test_runner/test:1047:25)\\n' +
#     '    at Suite.processPendingSubtests (node:internal/test_runner/test:744:18)\\n' +
#     '    at Test.postRun (node:internal/test_runner/test:1173:19)\\n' +
#     '    at Test.run (node:internal/test_runner/test:1101:12)\\n' +
#     '    at async Promise.all (index 0)\\n' +
#     '    at async Suite.run (node:internal/test_runner/test:1442:7)\\n' +
#     '    at async Test.processPendingSubtests (node:internal/test_runner/test:744:7)'
# }
# Subtest: Custom Error Classes
    # Subtest: StateError
        # Subtest: should have correct name
        ok 1 - should have correct name
          ---
          duration_ms: 2.155317
          type: 'test'
          ...
        1..1
    ok 1 - StateError
      ---
      duration_ms: 4.706198
      type: 'suite'
      ...
    # Subtest: StorageError
        # Subtest: should have correct name
        ok 1 - should have correct name
          ---
          duration_ms: 0.352085
          type: 'test'
          ...
        1..1
    ok 2 - StorageError
      ---
      duration_ms: 0.506547
      type: 'suite'
      ...
    # Subtest: AudioError
        # Subtest: should have correct name and category
        ok 1 - should have correct name and category
          ---
          duration_ms: 0.425228
          type: 'test'
          ...
        # Subtest: should store context for missing OGG asset diagnostics
        ok 2 - should store context for missing OGG asset diagnostics
          ---
          duration_ms: 0.320229
          type: 'test'
          ...
        # Subtest: should produce a complete log object via toLogObject
        ok 3 - should produce a complete log object via toLogObject
          ---
          duration_ms: 0.930799
          type: 'test'
          ...
        1..3
    ok 3 - AudioError
      ---
      duration_ms: 3.778551
      type: 'suite'
      ...
    1..3
ok 45 - Custom Error Classes
  ---
  duration_ms: 10.485258
  type: 'suite'
  ...
# Subtest: handleError
    # Subtest: should call addToast when not silent
    ok 1 - should call addToast when not silent
      ---
      duration_ms: 2.309411
      type: 'test'
      ...
    # Subtest: should not call addToast when silent
    ok 2 - should not call addToast when silent
      ---
      duration_ms: 0.748852
      type: 'test'
      ...
    # Subtest: should use fallback message for errors without message
    ok 3 - should use fallback message for errors without message
      ---
      duration_ms: 0.495178
      type: 'test'
      ...
    # Subtest: should handle AudioError with silent mode and preserve context
    ok 4 - should handle AudioError with silent mode and preserve context
      ---
      duration_ms: 1.628661
      type: 'test'
      ...
    1..4
ok 46 - handleError
  ---
  duration_ms: 5.837676
  type: 'suite'
  ...
# Subtest: safeStorageOperation
    # Subtest: should return result on success
    ok 1 - should return result on success
      ---
      duration_ms: 0.280086
      type: 'test'
      ...
    # Subtest: should return fallback on error
    ok 2 - should return fallback on error
      ---
      duration_ms: 2.855696
      type: 'test'
      ...
    1..2
ok 47 - safeStorageOperation
  ---
  duration_ms: 3.273791
  type: 'suite'
  ...
# (node:28070) ExperimentalWarning: Module mocking is an experimental feature and might change at any time
# (Use `node --trace-warnings ...` to show where the warning was created)
# Subtest: eventEngine.filterEvents filters by trigger
ok 48 - eventEngine.filterEvents filters by trigger
  ---
  duration_ms: 1.79391
  type: 'test'
  ...
# Subtest: eventEngine.filterEvents respects conditions
ok 49 - eventEngine.filterEvents respects conditions
  ---
  duration_ms: 0.273213
  type: 'test'
  ...
# Subtest: eventEngine.selectEvent respects cooldowns
not ok 50 - eventEngine.selectEvent respects cooldowns
  ---
  duration_ms: 0.539112
  type: 'test'
  location: '/app/tests/eventEngine.test.js:67:1'
  failureType: 'testCodeFailure'
  error: 'pool.filter is not a function'
  code: 'ERR_TEST_FAILURE'
  name: 'TypeError'
  stack: |-
    Object.selectEvent (file:///app/src/utils/eventEngine.js:18:29)
    TestContext.<anonymous> (/app/tests/eventEngine.test.js:69:32)
    Test.runInAsyncScope (node:async_hooks:214:14)
    Test.run (node:internal/test_runner/test:1047:25)
    Test.processPendingSubtests (node:internal/test_runner/test:744:18)
    Test.postRun (node:internal/test_runner/test:1173:19)
    Test.run (node:internal/test_runner/test:1101:12)
    async Test.processPendingSubtests (node:internal/test_runner/test:744:7)
  ...
# Subtest: eventEngine.selectEvent prioritizes pending events
not ok 51 - eventEngine.selectEvent prioritizes pending events
  ---
  duration_ms: 0.293708
  type: 'test'
  location: '/app/tests/eventEngine.test.js:74:1'
  failureType: 'testCodeFailure'
  error: 'pool.find is not a function'
  code: 'ERR_TEST_FAILURE'
  name: 'TypeError'
  stack: |-
    Object.selectEvent (file:///app/src/utils/eventEngine.js:11:31)
    TestContext.<anonymous> (/app/tests/eventEngine.test.js:78:32)
    Test.runInAsyncScope (node:async_hooks:214:14)
    Test.run (node:internal/test_runner/test:1047:25)
    Test.processPendingSubtests (node:internal/test_runner/test:744:18)
    Test.postRun (node:internal/test_runner/test:1173:19)
    Test.run (node:internal/test_runner/test:1101:12)
    async Test.processPendingSubtests (node:internal/test_runner/test:744:7)
  ...
# Subtest: eventEngine.resolveChoice handles simple effects
ok 52 - eventEngine.resolveChoice handles simple effects
  ---
  duration_ms: 0.27786
  type: 'test'
  ...
# Subtest: eventEngine.resolveChoice handles skill checks (success)
ok 53 - eventEngine.resolveChoice handles skill checks (success)
  ---
  duration_ms: 0.475599
  type: 'test'
  ...
# Subtest: eventEngine.resolveChoice handles skill checks (failure)
ok 54 - eventEngine.resolveChoice handles skill checks (failure)
  ---
  duration_ms: 0.257456
  type: 'test'
  ...
# Subtest: eventEngine.resolveChoice handles luck checks
ok 55 - eventEngine.resolveChoice handles luck checks
  ---
  duration_ms: 0.246772
  type: 'test'
  ...
# Subtest: eventEngine.resolveChoice sets nextEventId
not ok 56 - eventEngine.resolveChoice sets nextEventId
  ---
  duration_ms: 13.399588
  type: 'test'
  location: '/app/tests/eventEngine.test.js:140:1'
  failureType: 'testCodeFailure'
  error: |-
    Should propagate nextEventId
    + actual - expected

    + undefined
    - 'next_event'

  code: 'ERR_ASSERTION'
  name: 'AssertionError'
  expected: 'next_event'
  operator: 'strictEqual'
  stack: |-
    TestContext.<anonymous> (/app/tests/eventEngine.test.js:145:10)
    Test.runInAsyncScope (node:async_hooks:214:14)
    Test.run (node:internal/test_runner/test:1047:25)
    Test.processPendingSubtests (node:internal/test_runner/test:744:18)
    Test.postRun (node:internal/test_runner/test:1173:19)
    Test.run (node:internal/test_runner/test:1101:12)
    async Test.processPendingSubtests (node:internal/test_runner/test:744:7)
  ...
# Subtest: eventEngine.processOptions returns event when no processing needed
ok 57 - eventEngine.processOptions returns event when no processing needed
  ---
  duration_ms: 1.136564
  type: 'test'
  ...
# Subtest: eventEngine.processOptions handles van_breakdown with spare_tire
ok 58 - eventEngine.processOptions handles van_breakdown with spare_tire
  ---
  duration_ms: 0.270381
  type: 'test'
  ...
# Subtest: eventEngine.processOptions does not add spare tire option without inventory
not ok 59 - eventEngine.processOptions does not add spare tire option without inventory
  ---
  duration_ms: 0.461998
  type: 'test'
  location: '/app/tests/eventEngine.test.js:185:1'
  failureType: 'testCodeFailure'
  error: 'Should not have spare tire option without inventory'
  code: 'ERR_ASSERTION'
  name: 'AssertionError'
  expected: true
  actual: false
  operator: '=='
  stack: |-
    TestContext.<anonymous> (/app/tests/eventEngine.test.js:196:10)
    Test.runInAsyncScope (node:async_hooks:214:14)
    Test.run (node:internal/test_runner/test:1047:25)
    Test.processPendingSubtests (node:internal/test_runner/test:744:18)
    Test.postRun (node:internal/test_runner/test:1173:19)
    Test.run (node:internal/test_runner/test:1101:12)
    async Test.processPendingSubtests (node:internal/test_runner/test:744:7)
  ...
# Subtest: eventEngine.applyResult handles resource effects
ok 60 - eventEngine.applyResult handles resource effects
  ---
  duration_ms: 0.33404
  type: 'test'
  ...
# Subtest: eventEngine.applyResult handles stat effects
ok 61 - eventEngine.applyResult handles stat effects
  ---
  duration_ms: 0.18213
  type: 'test'
  ...
# Subtest: eventEngine.applyResult handles harmony stat
ok 62 - eventEngine.applyResult handles harmony stat
  ---
  duration_ms: 0.186524
  type: 'test'
  ...
# Subtest: eventEngine.applyResult handles mood changes
ok 63 - eventEngine.applyResult handles mood changes
  ---
  duration_ms: 0.144008
  type: 'test'
  ...
# Subtest: eventEngine.applyResult handles stamina changes
ok 64 - eventEngine.applyResult handles stamina changes
  ---
  duration_ms: 0.124632
  type: 'test'
  ...
# Subtest: eventEngine.applyResult handles combined mood and stamina in composite
ok 65 - eventEngine.applyResult handles combined mood and stamina in composite
  ---
  duration_ms: 0.160535
  type: 'test'
  ...
# Subtest: eventEngine.applyResult handles van fuel
ok 66 - eventEngine.applyResult handles van fuel
  ---
  duration_ms: 0.133418
  type: 'test'
  ...
# Subtest: eventEngine.applyResult handles van condition stat
ok 67 - eventEngine.applyResult handles van condition stat
  ---
  duration_ms: 0.283912
  type: 'test'
  ...
# Subtest: eventEngine.applyResult handles game over flag
ok 68 - eventEngine.applyResult handles game over flag
  ---
  duration_ms: 0.133619
  type: 'test'
  ...
# Subtest: eventEngine.applyResult handles story flags
ok 69 - eventEngine.applyResult handles story flags
  ---
  duration_ms: 0.130564
  type: 'test'
  ...
# Subtest: eventEngine.applyResult handles chain events
ok 70 - eventEngine.applyResult handles chain events
  ---
  duration_ms: 0.204129
  type: 'test'
  ...
# Subtest: eventEngine.applyResult handles composite effects
ok 71 - eventEngine.applyResult handles composite effects
  ---
  duration_ms: 0.169921
  type: 'test'
  ...
# Subtest: eventEngine.applyResult returns null for null result
ok 72 - eventEngine.applyResult returns null for null result
  ---
  duration_ms: 0.140274
  type: 'test'
  ...
# Subtest: eventEngine.applyResult handles unlock effects
ok 73 - eventEngine.applyResult handles unlock effects
  ---
  duration_ms: 0.131533
  type: 'test'
  ...
# Subtest: eventEngine.applyResult preserves nextEventId from result
ok 74 - eventEngine.applyResult preserves nextEventId from result
  ---
  duration_ms: 0.126926
  type: 'test'
  ...
# Subtest: eventEngine.applyResult handles time stat
ok 75 - eventEngine.applyResult handles time stat
  ---
  duration_ms: 0.107006
  type: 'test'
  ...
# Subtest: eventEngine.applyResult handles viral stat
ok 76 - eventEngine.applyResult handles viral stat
  ---
  duration_ms: 0.117192
  type: 'test'
  ...
# Subtest: eventEngine.applyResult handles inventory numeric increment
ok 77 - eventEngine.applyResult handles inventory numeric increment
  ---
  duration_ms: 0.173526
  type: 'test'
  ...
# Subtest: eventEngine.applyResult handles inventory non-numeric value
ok 78 - eventEngine.applyResult handles inventory non-numeric value
  ---
  duration_ms: 0.182052
  type: 'test'
  ...
# Subtest: eventEngine.applyResult accumulates inventory values across composite effects
ok 79 - eventEngine.applyResult accumulates inventory values across composite effects
  ---
  duration_ms: 0.140644
  type: 'test'
  ...
# Subtest: eventEngine logic allows negative inventory in delta
ok 80 - eventEngine logic allows negative inventory in delta
  ---
  duration_ms: 0.112259
  type: 'test'
  ...
# Subtest: eventEngine.applyResult handles hype stat as fame
ok 81 - eventEngine.applyResult handles hype stat as fame
  ---
  duration_ms: 0.101253
  type: 'test'
  ...
# Subtest: eventEngine.applyResult handles crowd_energy stat as fame
ok 82 - eventEngine.applyResult handles crowd_energy stat as fame
  ---
  duration_ms: 0.112784
  type: 'test'
  ...
# Subtest: eventEngine.applyResult handles score stat increment
ok 83 - eventEngine.applyResult handles score stat increment
  ---
  duration_ms: 0.115167
  type: 'test'
  ...
# Subtest: eventEngine.applyResult accumulates fame from mixed stats (fame, hype, crowd_energy)
ok 84 - eventEngine.applyResult accumulates fame from mixed stats (fame, hype, crowd_energy)
  ---
  duration_ms: 0.116611
  type: 'test'
  ...
# Subtest: resolveEventChoice returns delta for direct effects
ok 85 - resolveEventChoice returns delta for direct effects
  ---
  duration_ms: 1.446548
  type: 'test'
  ...
# Subtest: resolveEventChoice handles missing choices safely
ok 86 - resolveEventChoice handles missing choices safely
  ---
  duration_ms: 0.192256
  type: 'test'
  ...
# [GameState] Scene Change: INTRO -> OVERWORLD
# [GameState] Scene Change: INTRO -> OVERWORLD
# [GameState] Update Player { money: 1000 }
# [GameState] Update Player { fame: 50 }
# [GameState] Update Player { money: 1000 }
# [GameState] Update Band { harmony: 50 }
# [GameState] Update Band { harmony: -20 }
# [GameState] Update Band { harmony: 0 }
# [GameState] Update Band { members: [ { name: 'Test', mood: 100, stamina: 100 } ] }
# [GameState] Day Advanced to 2
# [GameState] State Reset (Debug)
# [GameState] Game Loaded
# [GameState] Game Loaded
# [GameState] Game Loaded
# Subtest: gameReducer
    # Subtest: CHANGE_SCENE
        # Subtest: should change the current scene
        ok 1 - should change the current scene
          ---
          duration_ms: 3.247891
          type: 'test'
          ...
        # Subtest: should preserve other state properties
        ok 2 - should preserve other state properties
          ---
          duration_ms: 0.419775
          type: 'test'
          ...
        1..2
    ok 1 - CHANGE_SCENE
      ---
      duration_ms: 4.5926
      type: 'suite'
      ...
    # Subtest: UPDATE_PLAYER
        # Subtest: should update player money
        ok 1 - should update player money
          ---
          duration_ms: 0.718187
          type: 'test'
          ...
        # Subtest: should update player fame
        ok 2 - should update player fame
          ---
          duration_ms: 1.096875
          type: 'test'
          ...
        # Subtest: should merge player updates with existing state
        ok 3 - should merge player updates with existing state
          ---
          duration_ms: 0.895414
          type: 'test'
          ...
        1..3
    ok 2 - UPDATE_PLAYER
      ---
      duration_ms: 3.089684
      type: 'suite'
      ...
    # Subtest: UPDATE_BAND
        # Subtest: should update band harmony
        ok 1 - should update band harmony
          ---
          duration_ms: 0.790209
          type: 'test'
          ...
        # Subtest: should clamp band harmony above zero
        ok 2 - should clamp band harmony above zero
          ---
          duration_ms: 0.850332
          type: 'test'
          ...
        # Subtest: should clamp band harmony of zero to one
        ok 3 - should clamp band harmony of zero to one
          ---
          duration_ms: 0.806145
          type: 'test'
          ...
        # Subtest: should update band members
        ok 4 - should update band members
          ---
          duration_ms: 1.552268
          type: 'test'
          ...
        1..4
    ok 3 - UPDATE_BAND
      ---
      duration_ms: 4.395491
      type: 'suite'
      ...
    # Subtest: ADVANCE_DAY
        # Subtest: should clamp harmony after daily updates
        ok 1 - should clamp harmony after daily updates
          ---
          duration_ms: 0.890561
          type: 'test'
          ...
        1..1
    ok 4 - ADVANCE_DAY
      ---
      duration_ms: 1.020599
      type: 'suite'
      ...
    # Subtest: UPDATE_SOCIAL
        # Subtest: should update social media followers
        ok 1 - should update social media followers
          ---
          duration_ms: 0.297347
          type: 'test'
          ...
        # Subtest: should preserve other social stats
        ok 2 - should preserve other social stats
          ---
          duration_ms: 0.28831
          type: 'test'
          ...
        1..2
    ok 5 - UPDATE_SOCIAL
      ---
      duration_ms: 0.804049
      type: 'suite'
      ...
    # Subtest: SET_GIG_MODIFIERS
        # Subtest: should update gig modifiers with object payload
        ok 1 - should update gig modifiers with object payload
          ---
          duration_ms: 0.362405
          type: 'test'
          ...
        # Subtest: should update gig modifiers with function payload
        ok 2 - should update gig modifiers with function payload
          ---
          duration_ms: 0.231889
          type: 'test'
          ...
        1..2
    ok 6 - SET_GIG_MODIFIERS
      ---
      duration_ms: 0.739931
      type: 'suite'
      ...
    # Subtest: ADD_TOAST
        # Subtest: should add toast to array
        ok 1 - should add toast to array
          ---
          duration_ms: 0.255352
          type: 'test'
          ...
        1..1
    ok 7 - ADD_TOAST
      ---
      duration_ms: 0.3689
      type: 'suite'
      ...
    # Subtest: REMOVE_TOAST
        # Subtest: should remove toast by id
        ok 1 - should remove toast by id
          ---
          duration_ms: 2.037497
          type: 'test'
          ...
        1..1
    ok 8 - REMOVE_TOAST
      ---
      duration_ms: 2.145695
      type: 'suite'
      ...
    # Subtest: CONSUME_ITEM
        # Subtest: should decrement numeric inventory item
        ok 1 - should decrement numeric inventory item
          ---
          duration_ms: 0.522263
          type: 'test'
          ...
        # Subtest: should set boolean inventory item to false
        ok 2 - should set boolean inventory item to false
          ---
          duration_ms: 0.284774
          type: 'test'
          ...
        # Subtest: should not go below zero
        ok 3 - should not go below zero
          ---
          duration_ms: 0.196807
          type: 'test'
          ...
        1..3
    ok 9 - CONSUME_ITEM
      ---
      duration_ms: 1.163615
      type: 'suite'
      ...
    # Subtest: RESET_STATE
        # Subtest: should reset to initial state
        ok 1 - should reset to initial state
          ---
          duration_ms: 1.219539
          type: 'test'
          ...
        1..1
    ok 10 - RESET_STATE
      ---
      duration_ms: 1.328547
      type: 'suite'
      ...
    # Subtest: LOAD_GAME
        # Subtest: should load saved state
        ok 1 - should load saved state
          ---
          duration_ms: 0.835705
          type: 'test'
          ...
        # Subtest: should migrate energy to catering in gigModifiers
        ok 2 - should migrate energy to catering in gigModifiers
          ---
          duration_ms: 0.56822
          type: 'test'
          ...
        # Subtest: should merge with default values for missing properties
        ok 3 - should merge with default values for missing properties
          ---
          duration_ms: 0.728683
          type: 'test'
          ...
        1..3
    ok 11 - LOAD_GAME
      ---
      duration_ms: 2.339366
      type: 'suite'
      ...
    # Subtest: unknown action
        # Subtest: should return current state for unknown action
        ok 1 - should return current state for unknown action
          ---
          duration_ms: 0.518346
          type: 'test'
          ...
        1..1
    ok 12 - unknown action
      ---
      duration_ms: 0.602365
      type: 'suite'
      ...
    1..12
ok 87 - gameReducer
  ---
  duration_ms: 24.280924
  type: 'suite'
  ...
# Subtest: ActionTypes
    # Subtest: should have all expected action types
    ok 1 - should have all expected action types
      ---
      duration_ms: 0.218706
      type: 'test'
      ...
    1..1
ok 88 - ActionTypes
  ---
  duration_ms: 0.34396
  type: 'suite'
  ...
# Subtest: applyEventDelta clamps player and band values
ok 89 - applyEventDelta clamps player and band values
  ---
  duration_ms: 1.417551
  type: 'test'
  ...
# Subtest: applyEventDelta updates social channels safely
ok 90 - applyEventDelta updates social channels safely
  ---
  duration_ms: 0.272253
  type: 'test'
  ...
# Subtest: applyEventDelta applies player updates
ok 91 - applyEventDelta applies player updates
  ---
  duration_ms: 1.595457
  type: 'test'
  ...
# Subtest: applyEventDelta clamps values
ok 92 - applyEventDelta clamps values
  ---
  duration_ms: 0.297121
  type: 'test'
  ...
# Subtest: applyEventDelta handles band inventory updates
ok 93 - applyEventDelta handles band inventory updates
  ---
  duration_ms: 0.273297
  type: 'test'
  ...
# Subtest: applyEventDelta applies per-member deltas
ok 94 - applyEventDelta applies per-member deltas
  ---
  duration_ms: 0.253414
  type: 'test'
  ...
# Subtest: applyEventDelta handles social updates
ok 95 - applyEventDelta handles social updates
  ---
  duration_ms: 0.684803
  type: 'test'
  ...
# Subtest: applyEventDelta handles flags
ok 96 - applyEventDelta handles flags
  ---
  duration_ms: 0.291262
  type: 'test'
  ...
# Subtest: updateGigPerformanceStats tracks peak combo and hype
ok 97 - updateGigPerformanceStats tracks peak combo and hype
  ---
  duration_ms: 1.113283
  type: 'test'
  ...
# Subtest: buildGigStatsSnapshot includes required economy fields
ok 98 - buildGigStatsSnapshot includes required economy fields
  ---
  duration_ms: 1.05687
  type: 'test'
  ...
# Subtest: HQ Items Data Integrity
    # Subtest: validates all gear items
    ok 1 - validates all gear items
      ---
      duration_ms: 1.825816
      type: 'test'
      ...
    # Subtest: validates all instrument items
    ok 2 - validates all instrument items
      ---
      duration_ms: 0.239143
      type: 'test'
      ...
    # Subtest: validates all van items
    ok 3 - validates all van items
      ---
      duration_ms: 0.226431
      type: 'test'
      ...
    # Subtest: validates all hq items
    ok 4 - validates all hq items
      ---
      duration_ms: 0.355055
      type: 'test'
      ...
    1..4
ok 99 - HQ Items Data Integrity
  ---
  duration_ms: 4.12156
  type: 'suite'
  ...
# Subtest: getGenImageUrl generates correct Pollinations.ai URL
ok 100 - getGenImageUrl generates correct Pollinations.ai URL
  ---
  duration_ms: 1.097826
  type: 'test'
  ...
# Subtest: IMG_PROMPTS contains expected keys and string values
ok 101 - IMG_PROMPTS contains expected keys and string values
  ---
  duration_ms: 0.251503
  type: 'test'
  ...
# (node:28187) ExperimentalWarning: Module mocking is an experimental feature and might change at any time
# (Use `node --trace-warnings ...` to show where the warning was created)
# The above error occurred in the <GlitchButton> component:
#     at GlitchButton (/app/src/ui/GlitchButton.jsx:13:3)
#     at div
#     at div
#     at div
#     at MainMenu (/app/src/scenes/MainMenu.jsx:32:43)
# Consider adding an error boundary to your tree to customize error handling behavior.
# Visit https://reactjs.org/link/error-boundaries to learn more about error boundaries.
# The above error occurred in the <GlitchButton> component:
#     at GlitchButton (/app/src/ui/GlitchButton.jsx:13:3)
#     at div
#     at div
#     at div
#     at MainMenu (/app/src/scenes/MainMenu.jsx:32:43)
# Consider adding an error boundary to your tree to customize error handling behavior.
# Visit https://reactjs.org/link/error-boundaries to learn more about error boundaries.
# The above error occurred in the <GlitchButton> component:
#     at GlitchButton (/app/src/ui/GlitchButton.jsx:13:3)
#     at div
#     at div
#     at div
#     at MainMenu (/app/src/scenes/MainMenu.jsx:32:43)
# Consider adding an error boundary to your tree to customize error handling behavior.
# Visit https://reactjs.org/link/error-boundaries to learn more about error boundaries.
# The above error occurred in the <GlitchButton> component:
#     at GlitchButton (/app/src/ui/GlitchButton.jsx:13:3)
#     at div
#     at div
#     at div
#     at MainMenu (/app/src/scenes/MainMenu.jsx:32:43)
# Consider adding an error boundary to your tree to customize error handling behavior.
# Visit https://reactjs.org/link/error-boundaries to learn more about error boundaries.
# The above error occurred in the <GlitchButton> component:
#     at GlitchButton (/app/src/ui/GlitchButton.jsx:13:3)
#     at div
#     at div
#     at div
#     at MainMenu (/app/src/scenes/MainMenu.jsx:32:43)
# Consider adding an error boundary to your tree to customize error handling behavior.
# Visit https://reactjs.org/link/error-boundaries to learn more about error boundaries.
# The above error occurred in the <GlitchButton> component:
#     at GlitchButton (/app/src/ui/GlitchButton.jsx:13:3)
#     at div
#     at div
#     at div
#     at MainMenu (/app/src/scenes/MainMenu.jsx:32:43)
# Consider adding an error boundary to your tree to customize error handling behavior.
# Visit https://reactjs.org/link/error-boundaries to learn more about error boundaries.
# The above error occurred in the <GlitchButton> component:
#     at GlitchButton (/app/src/ui/GlitchButton.jsx:13:3)
#     at div
#     at div
#     at div
#     at MainMenu (/app/src/scenes/MainMenu.jsx:32:43)
# Consider adding an error boundary to your tree to customize error handling behavior.
# Visit https://reactjs.org/link/error-boundaries to learn more about error boundaries.
# The above error occurred in the <GlitchButton> component:
#     at GlitchButton (/app/src/ui/GlitchButton.jsx:13:3)
#     at div
#     at div
#     at div
#     at MainMenu (/app/src/scenes/MainMenu.jsx:32:43)
# Consider adding an error boundary to your tree to customize error handling behavior.
# Visit https://reactjs.org/link/error-boundaries to learn more about error boundaries.
# Subtest: MainMenu starts ambient audio when starting a tour
not ok 102 - MainMenu starts ambient audio when starting a tour
  ---
  duration_ms: 124.345805
  type: 'test'
  location: '/app/tests/mainMenuAudio.test.js:106:1'
  failureType: 'testCodeFailure'
  error: 'React is not defined'
  code: 'ERR_TEST_FAILURE'
  name: 'ReferenceError'
  stack: |-
    GlitchButton (/app/src/ui/GlitchButton.jsx:18:3)
    renderWithHooks (/app/node_modules/react-dom/cjs/react-dom.development.js:15486:18)
    mountIndeterminateComponent (/app/node_modules/react-dom/cjs/react-dom.development.js:20103:13)
    beginWork (/app/node_modules/react-dom/cjs/react-dom.development.js:21626:16)
    beginWork$1 (/app/node_modules/react-dom/cjs/react-dom.development.js:27465:14)
    performUnitOfWork (/app/node_modules/react-dom/cjs/react-dom.development.js:26599:12)
    workLoopSync (/app/node_modules/react-dom/cjs/react-dom.development.js:26505:5)
    renderRootSync (/app/node_modules/react-dom/cjs/react-dom.development.js:26473:7)
    recoverFromConcurrentError (/app/node_modules/react-dom/cjs/react-dom.development.js:25889:20)
    performConcurrentWorkOnRoot (/app/node_modules/react-dom/cjs/react-dom.development.js:25789:22)
  ...
# Subtest: MainMenu starts ambient audio when loading a save
not ok 103 - MainMenu starts ambient audio when loading a save
  ---
  duration_ms: 17.031736
  type: 'test'
  location: '/app/tests/mainMenuAudio.test.js:118:1'
  failureType: 'testCodeFailure'
  error: 'React is not defined'
  code: 'ERR_TEST_FAILURE'
  name: 'ReferenceError'
  stack: |-
    GlitchButton (/app/src/ui/GlitchButton.jsx:18:3)
    renderWithHooks (/app/node_modules/react-dom/cjs/react-dom.development.js:15486:18)
    mountIndeterminateComponent (/app/node_modules/react-dom/cjs/react-dom.development.js:20103:13)
    beginWork (/app/node_modules/react-dom/cjs/react-dom.development.js:21626:16)
    beginWork$1 (/app/node_modules/react-dom/cjs/react-dom.development.js:27465:14)
    performUnitOfWork (/app/node_modules/react-dom/cjs/react-dom.development.js:26599:12)
    workLoopSync (/app/node_modules/react-dom/cjs/react-dom.development.js:26505:5)
    renderRootSync (/app/node_modules/react-dom/cjs/react-dom.development.js:26473:7)
    recoverFromConcurrentError (/app/node_modules/react-dom/cjs/react-dom.development.js:25889:20)
    performConcurrentWorkOnRoot (/app/node_modules/react-dom/cjs/react-dom.development.js:25789:22)
  ...
# Subtest: MapGenerator generates a map with correct structure
ok 104 - MapGenerator generates a map with correct structure
  ---
  duration_ms: 11.578865
  type: 'test'
  ...
# Subtest: MapGenerator guarantees start node
ok 105 - MapGenerator guarantees start node
  ---
  duration_ms: 11.568476
  type: 'test'
  ...
# Subtest: MapGenerator guarantees finale node
ok 106 - MapGenerator guarantees finale node
  ---
  duration_ms: 1.205589
  type: 'test'
  ...
# Subtest: MapGenerator connections are valid
ok 107 - MapGenerator connections are valid
  ---
  duration_ms: 0.793084
  type: 'test'
  ...
# Subtest: MapGenerator ensures nodes do not overlap
ok 108 - MapGenerator ensures nodes do not overlap
  ---
  duration_ms: 2.531335
  type: 'test'
  ...
# Duplicate found: MTC (Layer 2)
# Subtest: MapGenerator should not have duplicate venues (if possible)
ok 109 - MapGenerator should not have duplicate venues (if possible)
  ---
  duration_ms: 17.46923
  type: 'test'
  ...
# Subtest: isPercussionTrack
    # Subtest: detects percussion instrument metadata
    ok 1 - detects percussion instrument metadata
      ---
      duration_ms: 1.043869
      type: 'test'
      ...
    # Subtest: detects channel 9 percussion tracks
    ok 2 - detects channel 9 percussion tracks
      ---
      duration_ms: 0.181891
      type: 'test'
      ...
    # Subtest: returns false for non-percussion tracks
    ok 3 - returns false for non-percussion tracks
      ---
      duration_ms: 0.170349
      type: 'test'
      ...
    1..3
ok 110 - isPercussionTrack
  ---
  duration_ms: 2.852584
  type: 'test'
  ...
# Subtest: isValidMidiNote
    # Subtest: accepts finite MIDI pitches
    ok 1 - accepts finite MIDI pitches
      ---
      duration_ms: 0.368786
      type: 'test'
      ...
    # Subtest: rejects invalid MIDI pitches
    ok 2 - rejects invalid MIDI pitches
      ---
      duration_ms: 0.189697
      type: 'test'
      ...
    1..2
ok 111 - isValidMidiNote
  ---
  duration_ms: 1.338581
  type: 'test'
  ...
# Subtest: normalizeMidiPitch
    # Subtest: normalizes valid MIDI pitches
    ok 1 - normalizes valid MIDI pitches
      ---
      duration_ms: 0.40418
      type: 'test'
      ...
    # Subtest: returns null for invalid MIDI pitches
    ok 2 - returns null for invalid MIDI pitches
      ---
      duration_ms: 0.278866
      type: 'test'
      ...
    1..2
ok 112 - normalizeMidiPitch
  ---
  duration_ms: 1.487726
  type: 'test'
  ...
# Subtest: buildMidiTrackEvents
    # Subtest: filters invalid notes and normalizes pitches
    ok 1 - filters invalid notes and normalizes pitches
      ---
      duration_ms: 1.113912
      type: 'test'
      ...
    # Subtest: returns empty array for invalid input
    ok 2 - returns empty array for invalid input
      ---
      duration_ms: 0.131771
      type: 'test'
      ...
    1..2
ok 113 - buildMidiTrackEvents
  ---
  duration_ms: 1.699359
  type: 'test'
  ...
# Subtest: calculateNoteY returns target position at hit time
ok 114 - calculateNoteY returns target position at hit time
  ---
  duration_ms: 1.338113
  type: 'test'
  ...
# Subtest: calculateCrowdY offsets by combo intensity
ok 115 - calculateCrowdY offsets by combo intensity
  ---
  duration_ms: 0.362536
  type: 'test'
  ...
# Subtest: calculateLaneStartX centers lanes
ok 116 - calculateLaneStartX centers lanes
  ---
  duration_ms: 0.204044
  type: 'test'
  ...
# Subtest: buildRhythmLayout derives lane and hit line positions
ok 117 - buildRhythmLayout derives lane and hit line positions
  ---
  duration_ms: 0.305702
  type: 'test'
  ...
# Subtest: trySpawnProjectile respects spawn chance
ok 118 - trySpawnProjectile respects spawn chance
  ---
  duration_ms: 1.521857
  type: 'test'
  ...
# Subtest: trySpawnProjectile respects no spawn
ok 119 - trySpawnProjectile respects no spawn
  ---
  duration_ms: 0.249761
  type: 'test'
  ...
# Subtest: trySpawnProjectile increases chance on low health
ok 120 - trySpawnProjectile increases chance on low health
  ---
  duration_ms: 0.234196
  type: 'test'
  ...
# Subtest: updateProjectiles moves items correctly
ok 121 - updateProjectiles moves items correctly
  ---
  duration_ms: 0.36295
  type: 'test'
  ...
# Subtest: updateProjectiles removes off-screen items
ok 122 - updateProjectiles removes off-screen items
  ---
  duration_ms: 0.318724
  type: 'test'
  ...
# Subtest: updateProjectiles handles empty input
ok 123 - updateProjectiles handles empty input
  ---
  duration_ms: 0.818365
  type: 'test'
  ...
# Subtest: updateProjectiles handles large delta (lag spike)
ok 124 - updateProjectiles handles large delta (lag spike)
  ---
  duration_ms: 0.328484
  type: 'test'
  ...
# Subtest: checkHit finds matching note within window
ok 125 - checkHit finds matching note within window
  ---
  duration_ms: 1.33055
  type: 'test'
  ...
# Subtest: checkHit ignores notes outside window
ok 126 - checkHit ignores notes outside window
  ---
  duration_ms: 0.202888
  type: 'test'
  ...
# Subtest: checkHit ignores wrong lane
ok 127 - checkHit ignores wrong lane
  ---
  duration_ms: 0.234608
  type: 'test'
  ...
# Subtest: checkHit ignores already hit or invisible notes
ok 128 - checkHit ignores already hit or invisible notes
  ---
  duration_ms: 0.238824
  type: 'test'
  ...
# Subtest: checkHit prioritizes closest note?
ok 129 - checkHit prioritizes closest note?
  ---
  duration_ms: 0.238032
  type: 'test'
  ...
# Subtest: generateNotesForSong creates correct note structure
ok 130 - generateNotesForSong creates correct note structure
  ---
  duration_ms: 2.327022
  type: 'test'
  ...
# Subtest: generateNotesForSong respects difficulty
ok 131 - generateNotesForSong respects difficulty
  ---
  duration_ms: 0.345739
  type: 'test'
  ...
# Subtest: rhythm_songs.json integration
    # Subtest: all songs can be parsed without error
    ok 1 - all songs can be parsed without error
      ---
      duration_ms: 3.572323
      type: 'test'
      ...
    1..1
ok 132 - rhythm_songs.json integration
  ---
  duration_ms: 4.685881
  type: 'test'
  ...
# Subtest: rhythm_songs.json sourceOgg fields
    # Subtest: every song with sourceMid has a matching sourceOgg
    ok 1 - every song with sourceMid has a matching sourceOgg
      ---
      duration_ms: 0.500249
      type: 'test'
      ...
    1..1
ok 133 - rhythm_songs.json sourceOgg fields
  ---
  duration_ms: 0.870388
  type: 'test'
  ...
# Subtest: calculateTimeFromTicks logic
    # Subtest: calculates correct time with constant tempo
    ok 1 - calculates correct time with constant tempo
      ---
      duration_ms: 0.260937
      type: 'test'
      ...
    # Subtest: calculates correct time with tempo change
    ok 2 - calculates correct time with tempo change
      ---
      duration_ms: 0.28792
      type: 'test'
      ...
    # Subtest: handles empty map gracefully
    ok 3 - handles empty map gracefully
      ---
      duration_ms: 0.196159
      type: 'test'
      ...
    1..3
ok 134 - calculateTimeFromTicks logic
  ---
  duration_ms: 1.835026
  type: 'test'
  ...
# Subtest: getGigModifiers returns default modifiers for average band
ok 135 - getGigModifiers returns default modifiers for average band
  ---
  duration_ms: 1.736991
  type: 'test'
  ...
# Subtest: getGigModifiers grants telepathy bonus for high harmony
ok 136 - getGigModifiers grants telepathy bonus for high harmony
  ---
  duration_ms: 0.33941
  type: 'test'
  ...
# Subtest: getGigModifiers applies disconnect penalty for low harmony
ok 137 - getGigModifiers applies disconnect penalty for low harmony
  ---
  duration_ms: 0.222369
  type: 'test'
  ...
# Subtest: getGigModifiers has no special effects for mid harmony
ok 138 - getGigModifiers has no special effects for mid harmony
  ---
  duration_ms: 0.204687
  type: 'test'
  ...
# Subtest: getGigModifiers applies grumpy Matze penalty
ok 139 - getGigModifiers applies grumpy Matze penalty
  ---
  duration_ms: 0.286185
  type: 'test'
  ...
# Subtest: getGigModifiers does not apply Matze penalty when mood is okay
ok 140 - getGigModifiers does not apply Matze penalty when mood is okay
  ---
  duration_ms: 0.209941
  type: 'test'
  ...
# Subtest: getGigModifiers applies tired Lars speed increase
ok 141 - getGigModifiers applies tired Lars speed increase
  ---
  duration_ms: 0.205128
  type: 'test'
  ...
# Subtest: getGigModifiers does not apply Lars penalty when stamina is okay
ok 142 - getGigModifiers does not apply Lars penalty when stamina is okay
  ---
  duration_ms: 0.147387
  type: 'test'
  ...
# Subtest: getGigModifiers can apply multiple effects
ok 143 - getGigModifiers can apply multiple effects
  ---
  duration_ms: 2.690091
  type: 'test'
  ...
# Subtest: calculateGigPhysics returns physics object
ok 144 - calculateGigPhysics returns physics object
  ---
  duration_ms: 3.84752
  type: 'test'
  ...
# Subtest: calculateGigPhysics calculates hit windows based on skill
ok 145 - calculateGigPhysics calculates hit windows based on skill
  ---
  duration_ms: 0.2429
  type: 'test'
  ...
# Subtest: calculateGigPhysics skill increases hit windows
ok 146 - calculateGigPhysics skill increases hit windows
  ---
  duration_ms: 0.224828
  type: 'test'
  ...
# Subtest: calculateGigPhysics reduces speed for low stamina
ok 147 - calculateGigPhysics reduces speed for low stamina
  ---
  duration_ms: 0.150456
  type: 'test'
  ...
# Subtest: calculateGigPhysics normal speed for adequate stamina
ok 148 - calculateGigPhysics normal speed for adequate stamina
  ---
  duration_ms: 0.154405
  type: 'test'
  ...
# Subtest: calculateGigPhysics returns default multipliers
ok 149 - calculateGigPhysics returns default multipliers
  ---
  duration_ms: 0.118279
  type: 'test'
  ...
# Subtest: calculateGigPhysics applies blast machine trait for fast songs
ok 150 - calculateGigPhysics applies blast machine trait for fast songs
  ---
  duration_ms: 0.206914
  type: 'test'
  ...
# Subtest: calculateGigPhysics does not apply blast machine for slow songs
ok 151 - calculateGigPhysics does not apply blast machine for slow songs
  ---
  duration_ms: 0.15042
  type: 'test'
  ...
# Subtest: calculateGigPhysics includes avgStamina in result
ok 152 - calculateGigPhysics includes avgStamina in result
  ---
  duration_ms: 0.136764
  type: 'test'
  ...
# Subtest: calculateGigPhysics handles missing member gracefully
ok 153 - calculateGigPhysics handles missing member gracefully
  ---
  duration_ms: 0.125107
  type: 'test'
  ...
# Subtest: calculateGigPhysics handles missing skill property
ok 154 - calculateGigPhysics handles missing skill property
  ---
  duration_ms: 0.142981
  type: 'test'
  ...
# Subtest: Game Loop Logic Simulation
    # Subtest: Phase 1: Travel (Overworld)
    ok 1 - Phase 1: Travel (Overworld)
      ---
      duration_ms: 1.293519
      type: 'test'
      ...
    # Subtest: Phase 2: Refuel (Overworld)
    ok 2 - Phase 2: Refuel (Overworld)
      ---
      duration_ms: 0.202718
      type: 'test'
      ...
    # Subtest: Phase 3: Gig (PostGig)
    ok 3 - Phase 3: Gig (PostGig)
      ---
      duration_ms: 0.183489
      type: 'test'
      ...
    # Subtest: Phase 4: Next Travel Cycle
    ok 4 - Phase 4: Next Travel Cycle
      ---
      duration_ms: 0.213648
      type: 'test'
      ...
    1..4
ok 155 - Game Loop Logic Simulation
  ---
  duration_ms: 3.719179
  type: 'test'
  ...
# Subtest: calculateViralityScore returns base chance for average performance
ok 156 - calculateViralityScore returns base chance for average performance
  ---
  duration_ms: 1.769402
  type: 'test'
  ...
# Subtest: calculateViralityScore increases with high performance
ok 157 - calculateViralityScore increases with high performance
  ---
  duration_ms: 0.294038
  type: 'test'
  ...
# Subtest: calculateViralityScore applies performance multipliers
ok 158 - calculateViralityScore applies performance multipliers
  ---
  duration_ms: 0.192709
  type: 'test'
  ...
# Subtest: calculateViralityScore boosts for Kaminstube venue
ok 159 - calculateViralityScore boosts for Kaminstube venue
  ---
  duration_ms: 0.169449
  type: 'test'
  ...
# Subtest: calculateViralityScore boosts for stage diver event
ok 160 - calculateViralityScore boosts for stage diver event
  ---
  duration_ms: 0.176973
  type: 'test'
  ...
# Subtest: calculateViralityScore boosts for influencer event
ok 161 - calculateViralityScore boosts for influencer event
  ---
  duration_ms: 0.28517
  type: 'test'
  ...
# Subtest: calculateViralityScore is capped at 90%
ok 162 - calculateViralityScore is capped at 90%
  ---
  duration_ms: 0.162754
  type: 'test'
  ...
# Subtest: calculateViralityScore combines multiple bonuses
ok 163 - calculateViralityScore combines multiple bonuses
  ---
  duration_ms: 0.345806
  type: 'test'
  ...
# Subtest: generatePostOptions returns array of options
ok 164 - generatePostOptions returns array of options
  ---
  duration_ms: 0.694152
  type: 'test'
  ...
# Subtest: generatePostOptions includes moshpit option
ok 165 - generatePostOptions includes moshpit option
  ---
  duration_ms: 0.702287
  type: 'test'
  ...
# Subtest: generatePostOptions includes technical option
ok 166 - generatePostOptions includes technical option
  ---
  duration_ms: 0.262682
  type: 'test'
  ...
# Subtest: generatePostOptions includes band pic option
ok 167 - generatePostOptions includes band pic option
  ---
  duration_ms: 0.15164
  type: 'test'
  ...
# Subtest: generatePostOptions scales mosh viral chance
ok 168 - generatePostOptions scales mosh viral chance
  ---
  duration_ms: 0.1749
  type: 'test'
  ...
# Subtest: generatePostOptions all have required properties
ok 169 - generatePostOptions all have required properties
  ---
  duration_ms: 0.15617
  type: 'test'
  ...
# Subtest: resolvePost handles viral success
ok 170 - resolvePost handles viral success
  ---
  duration_ms: 0.180712
  type: 'test'
  ...
# Subtest: resolvePost handles non-viral post
ok 171 - resolvePost handles non-viral post
  ---
  duration_ms: 0.136763
  type: 'test'
  ...
# Subtest: resolvePost viral multiplies by 10
ok 172 - resolvePost viral multiplies by 10
  ---
  duration_ms: 0.10673
  type: 'test'
  ...
# Subtest: resolvePost handles edge case of 0 base followers
ok 173 - resolvePost handles edge case of 0 base followers
  ---
  duration_ms: 0.152486
  type: 'test'
  ...
# Subtest: resolvePost threshold at exact viral chance
ok 174 - resolvePost threshold at exact viral chance
  ---
  duration_ms: 0.131581
  type: 'test'
  ...
# Subtest: resolvePost preserves all platforms
ok 175 - resolvePost preserves all platforms
  ---
  duration_ms: 0.154223
  type: 'test'
  ...
# Subtest: resolvePost returns consistent structure
ok 176 - resolvePost returns consistent structure
  ---
  duration_ms: 0.122588
  type: 'test'
  ...
# Subtest: calculateViralityScore handles low performance
ok 177 - calculateViralityScore handles low performance
  ---
  duration_ms: 0.123659
  type: 'test'
  ...
# Subtest: generatePostOptions viral chances are reasonable
ok 178 - generatePostOptions viral chances are reasonable
  ---
  duration_ms: 0.211261
  type: 'test'
  ...
1..178
# tests 289
# suites 42
# pass 280
# fail 6
# cancelled 0
# skipped 3
# todo 0
# duration_ms 4404.762466
